{"/home/julia/frontend-project-lvl2/src/getfile.js": {"path":"/home/julia/frontend-project-lvl2/src/getfile.js","all":false,"statementMap":{"0":{"start":{"line":1,"column":0},"end":{"line":1,"column":24}},"1":{"start":{"line":2,"column":0},"end":{"line":2,"column":34}},"2":{"start":{"line":3,"column":0},"end":{"line":3,"column":30}},"3":{"start":{"line":4,"column":0},"end":{"line":4,"column":0}},"4":{"start":{"line":5,"column":0},"end":{"line":5,"column":31}},"5":{"start":{"line":6,"column":0},"end":{"line":6,"column":28}},"6":{"start":{"line":7,"column":0},"end":{"line":7,"column":55}},"7":{"start":{"line":8,"column":0},"end":{"line":8,"column":51}},"8":{"start":{"line":9,"column":0},"end":{"line":9,"column":41}},"9":{"start":{"line":10,"column":0},"end":{"line":10,"column":28}},"10":{"start":{"line":11,"column":0},"end":{"line":11,"column":32}},"11":{"start":{"line":12,"column":0},"end":{"line":12,"column":3}},"12":{"start":{"line":13,"column":0},"end":{"line":13,"column":2}},"13":{"start":{"line":14,"column":0},"end":{"line":14,"column":23}}},"s":{"0":1,"1":1,"2":1,"3":1,"4":1,"5":2,"6":2,"7":2,"8":2,"9":2,"10":2,"11":2,"12":2,"13":1},"branchMap":{"0":{"type":"branch","line":5,"loc":{"start":{"line":5,"column":17},"end":{"line":13,"column":2}},"locations":[{"start":{"line":5,"column":17},"end":{"line":13,"column":2}}]}},"b":{"0":[2]},"fnMap":{"0":{"name":"getFile","decl":{"start":{"line":5,"column":17},"end":{"line":13,"column":2}},"loc":{"start":{"line":5,"column":17},"end":{"line":13,"column":2}},"line":5}},"f":{"0":2}}
,"/home/julia/frontend-project-lvl2/src/index.js": {"path":"/home/julia/frontend-project-lvl2/src/index.js","all":false,"statementMap":{"0":{"start":{"line":1,"column":0},"end":{"line":1,"column":23}},"1":{"start":{"line":2,"column":0},"end":{"line":2,"column":35}},"2":{"start":{"line":3,"column":0},"end":{"line":3,"column":0}},"3":{"start":{"line":4,"column":0},"end":{"line":4,"column":43}},"4":{"start":{"line":5,"column":0},"end":{"line":5,"column":35}},"5":{"start":{"line":6,"column":0},"end":{"line":6,"column":35}},"6":{"start":{"line":7,"column":0},"end":{"line":7,"column":0}},"7":{"start":{"line":8,"column":0},"end":{"line":8,"column":42}},"8":{"start":{"line":9,"column":0},"end":{"line":9,"column":42}},"9":{"start":{"line":10,"column":0},"end":{"line":10,"column":0}},"10":{"start":{"line":11,"column":0},"end":{"line":11,"column":57}},"11":{"start":{"line":12,"column":0},"end":{"line":12,"column":46}},"12":{"start":{"line":13,"column":0},"end":{"line":13,"column":0}},"13":{"start":{"line":14,"column":0},"end":{"line":14,"column":60}},"14":{"start":{"line":15,"column":0},"end":{"line":15,"column":36}},"15":{"start":{"line":16,"column":0},"end":{"line":16,"column":41}},"16":{"start":{"line":17,"column":0},"end":{"line":17,"column":44}},"17":{"start":{"line":18,"column":0},"end":{"line":18,"column":41}},"18":{"start":{"line":19,"column":0},"end":{"line":19,"column":44}},"19":{"start":{"line":20,"column":0},"end":{"line":20,"column":41}},"20":{"start":{"line":21,"column":0},"end":{"line":21,"column":43}},"21":{"start":{"line":22,"column":0},"end":{"line":22,"column":41}},"22":{"start":{"line":23,"column":0},"end":{"line":23,"column":41}},"23":{"start":{"line":24,"column":0},"end":{"line":24,"column":5}},"24":{"start":{"line":25,"column":0},"end":{"line":25,"column":15}},"25":{"start":{"line":26,"column":0},"end":{"line":26,"column":9}},"26":{"start":{"line":27,"column":0},"end":{"line":27,"column":0}},"27":{"start":{"line":28,"column":0},"end":{"line":28,"column":52}},"28":{"start":{"line":29,"column":0},"end":{"line":29,"column":16}},"29":{"start":{"line":30,"column":0},"end":{"line":30,"column":2}},"30":{"start":{"line":31,"column":0},"end":{"line":31,"column":0}},"31":{"start":{"line":32,"column":0},"end":{"line":32,"column":23}}},"s":{"0":1,"1":1,"2":1,"3":1,"4":1,"5":1,"6":1,"7":1,"8":1,"9":1,"10":1,"11":1,"12":1,"13":1,"14":5,"15":4,"16":4,"17":2,"18":2,"19":1,"20":1,"21":1,"22":1,"23":1,"24":5,"25":1,"26":1,"27":1,"28":1,"29":1,"30":1,"31":1},"branchMap":{"0":{"type":"branch","line":4,"loc":{"start":{"line":4,"column":16},"end":{"line":30,"column":2}},"locations":[{"start":{"line":4,"column":16},"end":{"line":30,"column":2}}]},"1":{"type":"branch","line":14,"loc":{"start":{"line":14,"column":45},"end":{"line":26,"column":5}},"locations":[{"start":{"line":14,"column":45},"end":{"line":26,"column":5}}]},"2":{"type":"branch","line":15,"loc":{"start":{"line":15,"column":35},"end":{"line":17,"column":11}},"locations":[{"start":{"line":15,"column":35},"end":{"line":17,"column":11}}]},"3":{"type":"branch","line":15,"loc":{"start":{"line":15,"column":4},"end":{"line":24,"column":5}},"locations":[{"start":{"line":15,"column":4},"end":{"line":24,"column":5}}]},"4":{"type":"branch","line":17,"loc":{"start":{"line":17,"column":43},"end":{"line":24,"column":5}},"locations":[{"start":{"line":17,"column":43},"end":{"line":24,"column":5}}]},"5":{"type":"branch","line":19,"loc":{"start":{"line":19,"column":43},"end":{"line":24,"column":5}},"locations":[{"start":{"line":19,"column":43},"end":{"line":24,"column":5}}]}},"b":{"0":[1],"1":[5],"2":[1],"3":[4],"4":[2],"5":[1]},"fnMap":{"0":{"name":"genDiff","decl":{"start":{"line":4,"column":16},"end":{"line":30,"column":2}},"loc":{"start":{"line":4,"column":16},"end":{"line":30,"column":2}},"line":4}},"f":{"0":1}}
}
